2025-04-16 01:24:47.878447 - Received CBT.V508.FILE910.PDS from FILE910.XMI 
2025-04-16 01:24:47.879262 - Found $$$#DATE.txt (text/plain) in CBT.V508.FILE910.PDS, moved to PDS/$$$#DATE
2025-04-16 01:24:47.879318 - Found $$INTRO.txt (text/plain) in CBT.V508.FILE910.PDS, moved to PDS/$$INTRO
2025-04-16 01:24:47.879372 - Found $$NOTE01.txt (text/plain) in CBT.V508.FILE910.PDS, moved to PDS/$$NOTE01
2025-04-16 01:24:47.879413 - Found $$REASON.txt (text/plain) in CBT.V508.FILE910.PDS, moved to PDS/$$REASON
2025-04-16 01:24:47.879592 - Found #USERGDE.pdf (application/pdf) in CBT.V508.FILE910.PDS, moved to docs/#USERGDE.pdf
2025-04-16 01:24:47.879639 - Found @FILE910.txt (text/plain) in CBT.V508.FILE910.PDS, moved to PDS/@FILE910
2025-04-16 01:24:47.879697 - Found NSQCNTL.xmi (application/xmit) in CBT.V508.FILE910.PDS, moved to PDS/NSQCNTL.xmi
2025-04-16 01:24:47.934189 - Received NSQ.V120.NSQCNTL from NSQCNTL.xmi 
2025-04-16 01:24:47.934926 - Found COMDSINI.jcl (text/plain) in NSQ.V120.NSQCNTL, moved to NSQCNTL/COMDSINI
2025-04-16 01:24:47.934982 - Found DBCLEAN.jcl (text/plain) in NSQ.V120.NSQCNTL, moved to NSQCNTL/DBCLEAN
2025-04-16 01:24:47.935032 - Found DBINIT.jcl (text/plain) in NSQ.V120.NSQCNTL, moved to NSQCNTL/DBINIT
2025-04-16 01:24:47.935072 - Found DBLOAD.jcl (text/plain) in NSQ.V120.NSQCNTL, moved to NSQCNTL/DBLOAD
2025-04-16 01:24:47.935111 - Found DBSTATS.jcl (text/plain) in NSQ.V120.NSQCNTL, moved to NSQCNTL/DBSTATS
2025-04-16 01:24:47.935154 - Found NSQPARM.txt (text/plain) in NSQ.V120.NSQCNTL, moved to NSQCNTL/NSQPARM
2025-04-16 01:24:47.935202 - Found NSQTASK.txt (text/plain) in NSQ.V120.NSQCNTL, moved to NSQCNTL/NSQTASK
2025-04-16 01:24:47.935241 - Found RECRBYID.jcl (text/plain) in NSQ.V120.NSQCNTL, moved to NSQCNTL/RECRBYID
2025-04-16 01:24:47.935279 - Found RECREAD.jcl (text/plain) in NSQ.V120.NSQCNTL, moved to NSQCNTL/RECREAD
2025-04-16 01:24:47.935321 - Found ZCOMP.rexx (text/plain) in NSQ.V120.NSQCNTL, moved to NSQCNTL/ZCOMP
2025-04-16 01:24:47.935790 - Found NSQLOAD.xmi (application/xmit) in CBT.V508.FILE910.PDS, moved to PDS/NSQLOAD.xmi
2025-04-16 01:24:48.000512 - Received NSQ.V120.NSQLOAD from NSQLOAD.xmi 
2025-04-16 01:24:48.001546 - Found NSQDUT01.bin (application/octet-stream) in NSQ.V120.NSQLOAD, moved to NSQLOAD/NSQDUT01
2025-04-16 01:24:48.001619 - Found NSQDUT02.bin (application/octet-stream) in NSQ.V120.NSQLOAD, moved to NSQLOAD/NSQDUT02
2025-04-16 01:24:48.001679 - Found NSQDUT03.bin (application/octet-stream) in NSQ.V120.NSQLOAD, moved to NSQLOAD/NSQDUT03
2025-04-16 01:24:48.001732 - Found NSQDUT04.bin (application/octet-stream) in NSQ.V120.NSQLOAD, moved to NSQLOAD/NSQDUT04
2025-04-16 01:24:48.001796 - Found NSQDUT10.bin (application/octet-stream) in NSQ.V120.NSQLOAD, moved to NSQLOAD/NSQDUT10
2025-04-16 01:24:48.001852 - Found NSQDUT11.bin (application/octet-stream) in NSQ.V120.NSQLOAD, moved to NSQLOAD/NSQDUT11
2025-04-16 01:24:48.001907 - Found NSQDUT12.bin (application/octet-stream) in NSQ.V120.NSQLOAD, moved to NSQLOAD/NSQDUT12
2025-04-16 01:24:48.001959 - Found NSQOOACC.bin (application/octet-stream) in NSQ.V120.NSQLOAD, moved to NSQLOAD/NSQOOACC
2025-04-16 01:24:48.002004 - Found NSQOODAS.bin (application/octet-stream) in NSQ.V120.NSQLOAD, moved to NSQLOAD/NSQOODAS
2025-04-16 01:24:48.002059 - Found NSQOODAT.bin (application/octet-stream) in NSQ.V120.NSQLOAD, moved to NSQLOAD/NSQOODAT
2025-04-16 01:24:48.002132 - Found NSQOODSN.bin (application/octet-stream) in NSQ.V120.NSQLOAD, moved to NSQLOAD/NSQOODSN
2025-04-16 01:24:48.002189 - Found NSQOOLOG.bin (application/octet-stream) in NSQ.V120.NSQLOAD, moved to NSQLOAD/NSQOOLOG
2025-04-16 01:24:48.002258 - Found NSQOORIC.bin (application/octet-stream) in NSQ.V120.NSQLOAD, moved to NSQLOAD/NSQOORIC
2025-04-16 01:24:48.002321 - Found NSQOORIG.bin (application/octet-stream) in NSQ.V120.NSQLOAD, moved to NSQLOAD/NSQOORIG
2025-04-16 01:24:48.002385 - Found NSQOORIR.bin (application/octet-stream) in NSQ.V120.NSQLOAD, moved to NSQLOAD/NSQOORIR
2025-04-16 01:24:48.002439 - Found NSQOORQC.bin (application/octet-stream) in NSQ.V120.NSQLOAD, moved to NSQLOAD/NSQOORQC
2025-04-16 01:24:48.002491 - Found NSQOORQD.bin (application/octet-stream) in NSQ.V120.NSQLOAD, moved to NSQLOAD/NSQOORQD
2025-04-16 01:24:48.002547 - Found NSQOORQR.bin (application/octet-stream) in NSQ.V120.NSQLOAD, moved to NSQLOAD/NSQOORQR
2025-04-16 01:24:48.002604 - Found NSQOOTSK.bin (application/octet-stream) in NSQ.V120.NSQLOAD, moved to NSQLOAD/NSQOOTSK
2025-04-16 01:24:48.002662 - Found NSQSIM01.bin (application/octet-stream) in NSQ.V120.NSQLOAD, moved to NSQLOAD/NSQSIM01
2025-04-16 01:24:48.002720 - Found NSQTAPI1.bin (application/octet-stream) in NSQ.V120.NSQLOAD, moved to NSQLOAD/NSQTAPI1
2025-04-16 01:24:48.002765 - Found NSQTCAPI.bin (application/octet-stream) in NSQ.V120.NSQLOAD, moved to NSQLOAD/NSQTCAPI
2025-04-16 01:24:48.002825 - Found NSQTCMD0.bin (application/octet-stream) in NSQ.V120.NSQLOAD, moved to NSQLOAD/NSQTCMD0
2025-04-16 01:24:48.002892 - Found NSQTENTY.bin (application/octet-stream) in NSQ.V120.NSQLOAD, moved to NSQLOAD/NSQTENTY
2025-04-16 01:24:48.002953 - Found NSQTMAIN.bin (application/octet-stream) in NSQ.V120.NSQLOAD, moved to NSQLOAD/NSQTMAIN
2025-04-16 01:24:48.003012 - Found NSQTMCOM.bin (application/octet-stream) in NSQ.V120.NSQLOAD, moved to NSQLOAD/NSQTMCOM
2025-04-16 01:24:48.003071 - Found NSQTMRST.bin (application/octet-stream) in NSQ.V120.NSQLOAD, moved to NSQLOAD/NSQTMRST
2025-04-16 01:24:48.011476 - Found NSQTEST.xmi (application/xmit) in CBT.V508.FILE910.PDS, moved to PDS/NSQTEST.xmi
2025-04-16 01:24:50.399077 - Received NSQ.V120.NSQTEST from NSQTEST.xmi 
2025-04-16 01:24:50.400244 - Found ASMREAD.txt (text/plain) in NSQ.V120.NSQTEST, moved to NSQTEST/ASMREAD
2025-04-16 01:24:50.400297 - Found COBCREAT.txt (text/plain) in NSQ.V120.NSQTEST, moved to NSQTEST/COBCREAT
2025-04-16 01:24:50.400338 - Found COBDELET.txt (text/plain) in NSQ.V120.NSQTEST, moved to NSQTEST/COBDELET
2025-04-16 01:24:50.400377 - Found COBREAD.txt (text/plain) in NSQ.V120.NSQTEST, moved to NSQTEST/COBREAD
2025-04-16 01:24:50.400414 - Found COBREADS.txt (text/plain) in NSQ.V120.NSQTEST, moved to NSQTEST/COBREADS
2025-04-16 01:24:50.400451 - Found COBREADT.txt (text/plain) in NSQ.V120.NSQTEST, moved to NSQTEST/COBREADT
2025-04-16 01:24:50.400487 - Found COBUPDAT.txt (text/plain) in NSQ.V120.NSQTEST, moved to NSQTEST/COBUPDAT
2025-04-16 01:24:50.400524 - Found DBCITIES.jcl (text/plain) in NSQ.V120.NSQTEST, moved to NSQTEST/DBCITIES
2025-04-16 01:24:50.400562 - Found DBSTATES.jcl (text/plain) in NSQ.V120.NSQTEST, moved to NSQTEST/DBSTATES
2025-04-16 01:24:50.400600 - Found JCLASM.jcl (text/plain) in NSQ.V120.NSQTEST, moved to NSQTEST/JCLASM
2025-04-16 01:24:50.400637 - Found JCLCOB.jcl (text/plain) in NSQ.V120.NSQTEST, moved to NSQTEST/JCLCOB
2025-04-16 01:24:50.400679 - Found NOSQLZ.rexx (text/plain) in NSQ.V120.NSQTEST, moved to NSQTEST/NOSQLZ
2025-04-16 01:24:50.400714 - Found REXCREAT.rexx (text/plain) in NSQ.V120.NSQTEST, moved to NSQTEST/REXCREAT
2025-04-16 01:24:50.400754 - Found REXDELET.rexx (text/plain) in NSQ.V120.NSQTEST, moved to NSQTEST/REXDELET
2025-04-16 01:24:50.400790 - Found REXREAD.rexx (text/plain) in NSQ.V120.NSQTEST, moved to NSQTEST/REXREAD
2025-04-16 01:24:50.400826 - Found REXREADS.rexx (text/plain) in NSQ.V120.NSQTEST, moved to NSQTEST/REXREADS
2025-04-16 01:24:50.400862 - Found REXREADT.rexx (text/plain) in NSQ.V120.NSQTEST, moved to NSQTEST/REXREADT
2025-04-16 01:24:50.400899 - Found REXUPDAT.rexx (text/plain) in NSQ.V120.NSQTEST, moved to NSQTEST/REXUPDAT
2025-04-16 01:24:50.400935 - Found REXXCITY.rexx (text/plain) in NSQ.V120.NSQTEST, moved to NSQTEST/REXXCITY
2025-04-16 01:24:50.408175 - Found SAMPDATA.xmi (application/xmit) in NSQ.V120.NSQTEST, moved to NSQTEST/SAMPDATA.xmi
2025-04-16 01:24:52.486928 - Received IBMUSER.NSQ.CITIES from SAMPDATA.xmi 
2025-04-16 01:24:52.491689 - Found IBMUSER.NSQ.CITIES.txt (text/plain), moved to NSQTEST/SAMPDATA/IBMUSER.NSQ.CITIES
2025-04-16 01:24:52.496099 - Found RECEIVE.jcl (text/plain) in CBT.V508.FILE910.PDS, moved to PDS/RECEIVE
